Tue Mar 06 2018 23:20:09 GMT+0200 (Финляндия (зима)): GET /about
Tue Mar 06 2018 23:24:10 GMT+0200 (Финляндия (зима)): GET /
Tue Mar 06 2018 23:24:12 GMT+0200 (Финляндия (зима)): GET /page
Tue Mar 06 2018 23:26:59 GMT+0200 (Финляндия (зима)): GET /page
Tue Mar 06 2018 23:27:08 GMT+0200 (Финляндия (зима)): GET /page
Tue Mar 06 2018 23:27:19 GMT+0200 (Финляндия (зима)): GET /page
Tue Mar 06 2018 23:28:01 GMT+0200 (Финляндия (зима)): GET /about
Tue Mar 06 2018 23:28:06 GMT+0200 (Финляндия (зима)): GET /
Tue Mar 06 2018 23:28:09 GMT+0200 (Финляндия (зима)): GET /
Tue Mar 06 2018 23:30:52 GMT+0200 (Финляндия (зима)): GET /
Wed Mar 07 2018 21:50:53 GMT+0200 (Финляндия (зима)): GET /
Wed Mar 07 2018 21:50:57 GMT+0200 (Финляндия (зима)): GET /about
Wed Mar 07 2018 22:27:23 GMT+0200 (Финляндия (зима)): GET /about
Wed Mar 07 2018 23:00:56 GMT+0200 (Финляндия (зима)): GET /
Wed Mar 07 2018 23:00:59 GMT+0200 (Финляндия (зима)): GET /favicon.ico
Wed Mar 07 2018 23:09:55 GMT+0200 (Финляндия (зима)): GET /projects
Wed Mar 07 2018 23:09:58 GMT+0200 (Финляндия (зима)): GET /favicon.ico
Wed Mar 07 2018 23:10:33 GMT+0200 (Финляндия (зима)): GET /projects
Wed Mar 07 2018 23:10:38 GMT+0200 (Финляндия (зима)): GET /projects
Wed Mar 07 2018 23:11:14 GMT+0200 (Финляндия (зима)): GET /projects
Wed Mar 07 2018 23:11:50 GMT+0200 (Финляндия (зима)): GET /projects
Thu Mar 08 2018 11:13:07 GMT+0200 (Финляндия (зима)): GET /
